{
  "RSpec": {
    "coverage": {
      "/Users/fshowalt/workspace/movielog/movielog/movielog.rb": [
        null,
        1,
        null,
        47,
        null,
        null,
        null,
        null,
        1,
        1,
        1,
        1,
        null,
        null,
        1,
        1,
        null,
        null,
        1,
        1,
        null,
        null,
        1,
        1,
        null,
        null,
        1,
        21,
        null,
        null,
        1,
        1,
        null,
        null,
        1,
        8,
        null,
        null,
        1,
        6,
        null,
        null,
        1,
        4,
        null,
        null,
        1,
        3,
        null,
        3,
        null,
        3,
        13,
        13,
        13,
        null,
        null,
        3,
        null,
        null,
        1,
        2,
        null,
        2,
        null,
        2,
        4,
        4,
        4,
        null,
        null,
        2,
        null,
        null,
        1,
        1,
        null,
        null,
        1,
        1,
        null,
        null,
        1,
        1,
        null,
        null,
        1,
        1,
        null,
        null,
        1,
        7,
        null,
        null,
        null
      ],
      "/Users/fshowalt/workspace/movielog/movielog/console/ask_for_title.rb": [
        null,
        1,
        1,
        null,
        null,
        null,
        1,
        1,
        1,
        2,
        null,
        2,
        2,
        2,
        2,
        2,
        null,
        2,
        null,
        2,
        null,
        null,
        2,
        null,
        null,
        1,
        null,
        1,
        2,
        null,
        2,
        2,
        2,
        null,
        null,
        null,
        null,
        2,
        null,
        null,
        1,
        2,
        null,
        null,
        null,
        null,
        null,
        2,
        null,
        null,
        null,
        1,
        2,
        null,
        4,
        null,
        null,
        1,
        2,
        null,
        6,
        2,
        null,
        null,
        null,
        null,
        null
      ],
      "/Users/fshowalt/workspace/movielog/movielog/console/bold.rb": [
        null,
        1,
        1,
        null,
        null,
        null,
        1,
        1,
        1,
        12,
        12,
        null,
        null,
        null,
        null,
        null
      ],
      "/Users/fshowalt/workspace/movielog/movielog/console/create_page.rb": [
        null,
        1,
        1,
        null,
        null,
        null,
        1,
        1,
        null,
        null,
        null,
        null,
        1,
        1,
        1,
        null,
        null,
        null,
        null,
        1,
        null,
        null,
        1,
        null,
        null,
        1,
        null,
        1,
        1,
        null,
        1,
        1,
        1,
        null,
        null,
        1,
        null,
        null,
        null,
        null,
        null
      ],
      "/Users/fshowalt/workspace/movielog/movielog/console/create_placeholder.rb": [
        null,
        1,
        1,
        null,
        null,
        null,
        1,
        1,
        null,
        null,
        null,
        null,
        1,
        1,
        1,
        null,
        1,
        null,
        1,
        null,
        null,
        1,
        null,
        1,
        1,
        null,
        null,
        1,
        1,
        1,
        null,
        1,
        null,
        1,
        null,
        null,
        null,
        null,
        null
      ],
      "/Users/fshowalt/workspace/movielog/movielog/console/create_review.rb": [
        null,
        1,
        1,
        null,
        null,
        null,
        1,
        1,
        null,
        null,
        null,
        null,
        1,
        1,
        1,
        null,
        1,
        null,
        null,
        null,
        1,
        null,
        null,
        1,
        null,
        1,
        1,
        null,
        null,
        null,
        null,
        null,
        null,
        1,
        1,
        null,
        null,
        1,
        1,
        1,
        null,
        null,
        1,
        1,
        null,
        null,
        null,
        null,
        null
      ],
      "/Users/fshowalt/workspace/movielog/movielog/console/create_viewing.rb": [
        null,
        1,
        null,
        1,
        1,
        null,
        null,
        null,
        1,
        1,
        null,
        null,
        null,
        null,
        1,
        1,
        null,
        1,
        null,
        null,
        null,
        null,
        null,
        1,
        null,
        null,
        1,
        null,
        1,
        1,
        null,
        null,
        null,
        null,
        null,
        null,
        null,
        null,
        null,
        1,
        null,
        null,
        1,
        2,
        null,
        1,
        1,
        null,
        null,
        1,
        1,
        1,
        null,
        1,
        1,
        null,
        1,
        null,
        null,
        1,
        null,
        null,
        1,
        1,
        1,
        null,
        null,
        1,
        1,
        null,
        1,
        1,
        1,
        null,
        1,
        null,
        null,
        1,
        null,
        null,
        null,
        null,
        null
      ],
      "/Users/fshowalt/workspace/movielog/movielog/console/doc.rb": [
        null,
        1,
        null,
        null,
        null,
        1,
        null,
        null
      ],
      "/Users/fshowalt/workspace/movielog/movielog/console/update_reviews.rb": [
        null,
        1,
        null,
        1,
        1,
        null,
        null,
        null,
        1,
        1,
        null,
        null,
        null,
        1,
        1,
        null,
        null,
        null,
        null,
        null,
        null,
        null
      ],
      "/Users/fshowalt/workspace/movielog/movielog/console/update_viewings.rb": [
        null,
        1,
        null,
        1,
        1,
        null,
        null,
        null,
        1,
        1,
        null,
        null,
        null,
        1,
        1,
        null,
        null,
        null,
        null,
        null,
        null,
        null
      ],
      "/Users/fshowalt/workspace/movielog/movielog/convert_grade_to_number.rb": [
        null,
        1,
        null,
        null,
        null,
        1,
        1,
        null,
        null,
        null,
        null,
        null,
        null,
        null,
        null,
        null,
        null,
        null,
        null,
        null,
        null,
        1,
        1,
        15,
        null,
        null,
        null,
        null
      ],
      "/Users/fshowalt/workspace/movielog/movielog/convert_grade_to_unicode_stars.rb": [
        null,
        1,
        null,
        null,
        null,
        1,
        1,
        null,
        null,
        null,
        null,
        null,
        null,
        1,
        1,
        14,
        13,
        null,
        null,
        null,
        null
      ],
      "/Users/fshowalt/workspace/movielog/movielog/create_page.rb": [
        null,
        1,
        null,
        1,
        null,
        null,
        null,
        1,
        1,
        1,
        1,
        null,
        1,
        null,
        null,
        null,
        null,
        null,
        null,
        1,
        1,
        null,
        1,
        null,
        null,
        1,
        null,
        1,
        1,
        null,
        null,
        null,
        null
      ],
      "/Users/fshowalt/workspace/movielog/movielog/create_placeholder.rb": [
        null,
        1,
        1,
        null,
        1,
        null,
        null,
        null,
        1,
        1,
        1,
        1,
        1,
        null,
        2,
        null,
        1,
        null,
        null,
        null,
        null
      ],
      "/Users/fshowalt/workspace/movielog/movielog/create_review.rb": [
        null,
        1,
        null,
        1,
        null,
        null,
        null,
        1,
        1,
        1,
        1,
        null,
        1,
        null,
        null,
        null,
        null,
        1,
        null,
        1,
        null,
        1,
        null,
        null,
        1,
        null,
        1,
        null,
        null,
        null,
        null,
        null,
        null,
        null,
        null,
        null,
        1,
        null,
        null,
        null,
        null
      ],
      "/Users/fshowalt/workspace/movielog/movielog/create_viewing.rb": [
        null,
        1,
        null,
        null,
        null,
        1,
        1,
        null,
        null,
        null,
        1,
        1,
        null,
        1,
        null,
        null,
        null,
        null,
        null,
        1,
        null,
        1,
        null,
        null,
        1,
        null,
        1,
        null,
        null,
        null,
        null,
        null,
        null,
        1,
        null,
        null,
        null,
        null
      ],
      "/Users/fshowalt/workspace/movielog/movielog/db/create_most_reviewed_tables.rb": [
        null,
        1,
        1,
        null,
        null,
        null,
        1,
        1,
        null,
        null,
        null,
        null,
        null,
        1,
        3,
        null,
        null,
        3,
        null,
        null,
        3,
        null,
        null,
        null,
        null,
        1,
        null,
        null,
        1,
        null,
        9,
        null,
        null,
        null,
        null,
        null,
        null,
        null,
        null,
        null,
        null,
        null,
        null,
        null,
        null,
        null,
        null,
        null,
        null,
        null,
        null,
        null,
        null,
        null,
        null,
        null,
        null,
        null,
        null,
        null,
        null,
        null
      ],
      "/Users/fshowalt/workspace/movielog/movielog/db/create_most_watched_tables.rb": [
        null,
        1,
        1,
        null,
        null,
        null,
        1,
        1,
        null,
        null,
        null,
        null,
        null,
        1,
        5,
        null,
        null,
        5,
        null,
        null,
        5,
        null,
        null,
        null,
        null,
        1,
        null,
        null,
        1,
        null,
        15,
        null,
        null,
        null,
        null,
        null,
        null,
        null,
        null,
        null,
        null,
        null,
        null,
        null,
        null,
        null,
        null,
        null,
        null,
        null,
        null,
        null,
        null,
        null,
        null,
        null,
        null,
        null,
        null,
        null,
        null,
        null
      ],
      "/Users/fshowalt/workspace/movielog/movielog/db/query_most_reviewed_persons.rb": [
        null,
        1,
        1,
        null,
        null,
        null,
        null,
        1,
        1,
        null,
        null,
        null,
        null,
        null,
        1,
        1,
        1,
        null,
        1,
        1,
        1,
        null,
        1,
        null,
        null,
        1,
        null,
        1,
        3,
        2,
        null,
        null,
        null,
        1,
        2,
        null,
        null,
        1,
        2,
        2,
        2,
        2,
        2,
        null,
        null,
        1,
        2,
        2,
        null,
        2,
        4,
        4,
        null,
        null,
        null,
        1,
        3,
        null,
        null,
        null,
        null,
        null,
        null,
        null,
        null,
        1,
        2,
        2,
        2,
        4,
        null,
        null,
        null,
        1,
        2,
        null,
        null,
        null,
        null,
        null,
        null,
        null,
        null,
        null,
        null,
        null,
        null,
        null
      ],
      "/Users/fshowalt/workspace/movielog/movielog/db/query_most_watched_directors.rb": [
        null,
        1,
        1,
        null,
        null,
        null,
        null,
        1,
        1,
        null,
        null,
        null,
        null,
        null,
        null,
        1,
        1,
        null,
        1,
        1,
        null,
        null,
        null,
        1,
        null,
        1,
        1,
        null,
        null,
        null,
        null,
        null,
        null,
        null,
        null,
        null,
        null,
        null,
        null,
        null
      ],
      "/Users/fshowalt/workspace/movielog/movielog/db/query_most_watched_performers.rb": [
        null,
        1,
        1,
        null,
        null,
        null,
        null,
        1,
        1,
        null,
        null,
        null,
        null,
        null,
        null,
        1,
        1,
        null,
        1,
        1,
        null,
        null,
        null,
        1,
        null,
        1,
        1,
        null,
        null,
        null,
        null,
        null,
        null,
        null,
        null,
        null,
        null,
        null,
        null,
        null
      ],
      "/Users/fshowalt/workspace/movielog/movielog/db/query_most_watched_titles.rb": [
        null,
        1,
        1,
        null,
        null,
        null,
        null,
        1,
        1,
        null,
        null,
        null,
        null,
        null,
        null,
        1,
        1,
        null,
        1,
        1,
        null,
        null,
        null,
        1,
        null,
        1,
        1,
        null,
        null,
        null,
        null,
        null,
        null,
        null,
        null,
        null,
        null,
        null,
        null,
        null,
        null
      ],
      "/Users/fshowalt/workspace/movielog/movielog/db/query_most_watched_writers.rb": [
        null,
        1,
        1,
        null,
        null,
        null,
        null,
        1,
        1,
        null,
        null,
        null,
        null,
        null,
        null,
        1,
        1,
        null,
        1,
        1,
        null,
        null,
        null,
        1,
        null,
        1,
        1,
        null,
        null,
        null,
        null,
        null,
        null,
        null,
        null,
        null,
        null,
        null,
        null,
        null
      ],
      "/Users/fshowalt/workspace/movielog/movielog/db/query_related_titles_by_cast.rb": [
        null,
        1,
        1,
        null,
        null,
        null,
        null,
        1,
        1,
        null,
        null,
        null,
        null,
        null,
        null,
        null,
        null,
        null,
        null,
        1,
        1,
        null,
        1,
        4,
        null,
        1,
        null,
        null,
        null,
        null,
        1,
        null,
        null,
        1,
        null,
        1,
        null,
        1,
        null,
        null,
        1,
        1,
        null,
        4,
        null,
        4,
        null,
        null,
        1,
        1,
        1,
        1,
        5,
        null,
        null,
        null,
        1,
        1,
        null,
        null,
        null,
        null,
        null,
        null,
        null,
        null,
        null,
        null,
        null,
        null,
        null
      ],
      "/Users/fshowalt/workspace/movielog/movielog/db/update_most_reviewed_tables.rb": [
        null,
        1,
        1,
        null,
        null,
        null,
        1,
        1,
        null,
        null,
        null,
        null,
        null,
        null,
        1,
        3,
        3,
        null,
        3,
        null,
        null,
        1,
        null,
        1,
        3,
        null,
        null,
        null,
        null,
        null,
        null,
        null,
        null,
        null,
        null,
        1,
        3,
        null,
        3,
        null,
        3,
        8,
        8,
        null,
        null,
        null,
        1,
        3,
        null,
        null,
        1,
        3,
        null,
        null,
        null,
        null,
        null,
        null,
        null,
        null,
        null,
        null
      ],
      "/Users/fshowalt/workspace/movielog/movielog/db/update_most_watched_tables.rb": [
        null,
        1,
        1,
        null,
        null,
        null,
        1,
        1,
        null,
        null,
        null,
        null,
        null,
        null,
        1,
        5,
        5,
        null,
        5,
        null,
        null,
        1,
        null,
        1,
        5,
        null,
        null,
        null,
        null,
        null,
        null,
        null,
        null,
        null,
        null,
        1,
        5,
        null,
        5,
        null,
        5,
        36,
        36,
        null,
        null,
        null,
        1,
        5,
        null,
        null,
        1,
        5,
        null,
        null,
        null,
        null,
        null,
        null,
        null,
        null,
        null,
        null
      ],
      "/Users/fshowalt/workspace/movielog/movielog/helpers/data_for_person.rb": [
        null,
        1,
        null,
        null,
        null,
        1,
        1,
        null,
        null,
        null,
        null,
        null,
        null,
        1,
        null,
        null,
        null
      ],
      "/Users/fshowalt/workspace/movielog/movielog/helpers/data_for_review.rb": [
        null,
        1,
        null,
        null,
        null,
        1,
        1,
        null,
        null,
        null,
        null,
        null,
        null,
        null,
        null,
        null,
        1,
        null,
        null,
        null
      ],
      "/Users/fshowalt/workspace/movielog/movielog/helpers/data_for_viewing.rb": [
        null,
        1,
        null,
        null,
        null,
        1,
        1,
        null,
        null,
        null,
        null,
        null,
        null,
        null,
        null,
        null,
        1,
        null,
        null,
        null
      ],
      "/Users/fshowalt/workspace/movielog/movielog/helpers/filter_control.rb": [
        null,
        1,
        null,
        null,
        null,
        1,
        1,
        4,
        null,
        4,
        null,
        null,
        null,
        4,
        null,
        null,
        null,
        null
      ],
      "/Users/fshowalt/workspace/movielog/movielog/helpers/filter_control_attribute.rb": [
        null,
        1,
        null,
        null,
        null,
        1,
        1,
        6,
        null,
        null,
        null
      ],
      "/Users/fshowalt/workspace/movielog/movielog/helpers/filter_control_label.rb": [
        null,
        1,
        null,
        null,
        null,
        1,
        1,
        4,
        null,
        null,
        null
      ],
      "/Users/fshowalt/workspace/movielog/movielog/helpers/grade_to_image_tag.rb": [
        null,
        1,
        null,
        null,
        null,
        1,
        1,
        15,
        null,
        14,
        null,
        14,
        1,
        null,
        null,
        14,
        null,
        14,
        null,
        null,
        null,
        null,
        null,
        1,
        1,
        null,
        null,
        null,
        null,
        null,
        null,
        null,
        1,
        1,
        14,
        null,
        null,
        null,
        null,
        null
      ],
      "/Users/fshowalt/workspace/movielog/movielog/helpers/grade_to_unicode_stars.rb": [
        null,
        1,
        null,
        null,
        null,
        1,
        1,
        14,
        null,
        null,
        null
      ],
      "/Users/fshowalt/workspace/movielog/movielog/helpers/newest_year.rb": [
        null,
        1,
        null,
        null,
        null,
        1,
        1,
        1,
        null,
        1,
        null,
        null,
        null
      ],
      "/Users/fshowalt/workspace/movielog/movielog/helpers/oldest_year.rb": [
        null,
        1,
        null,
        null,
        null,
        1,
        1,
        1,
        null,
        1,
        null,
        null,
        null
      ],
      "/Users/fshowalt/workspace/movielog/movielog/helpers/range_filter.rb": [
        null,
        1,
        null,
        null,
        null,
        1,
        1,
        1,
        null,
        1,
        null,
        null,
        null,
        null,
        null,
        1,
        1,
        1,
        1,
        1,
        null,
        null,
        null,
        null,
        1,
        null,
        null,
        null,
        1,
        null,
        1,
        1,
        1,
        null,
        null,
        null,
        1,
        null,
        null,
        null,
        null,
        1,
        2,
        null,
        null,
        null,
        null,
        null,
        null,
        1,
        null,
        null,
        null,
        null,
        null,
        null,
        null,
        null,
        1,
        null,
        null,
        null,
        null,
        null
      ],
      "/Users/fshowalt/workspace/movielog/movielog/helpers/select_filter.rb": [
        null,
        1,
        null,
        null,
        null,
        1,
        1,
        1,
        1,
        1,
        1,
        1,
        1,
        1,
        1,
        1,
        1,
        null,
        null,
        null
      ],
      "/Users/fshowalt/workspace/movielog/movielog/helpers/sort_filter.rb": [
        null,
        1,
        null,
        null,
        null,
        1,
        1,
        1,
        1,
        1,
        1,
        1,
        1,
        1,
        1,
        1,
        null,
        null,
        null
      ],
      "/Users/fshowalt/workspace/movielog/movielog/helpers/text_filter.rb": [
        null,
        1,
        null,
        null,
        null,
        1,
        1,
        1,
        1,
        1,
        1,
        1,
        1,
        null,
        1,
        null,
        1,
        null,
        null,
        null,
        null,
        null
      ],
      "/Users/fshowalt/workspace/movielog/movielog/page.rb": [
        null,
        1,
        null,
        1,
        null,
        null,
        null,
        1,
        null,
        null
      ],
      "/Users/fshowalt/workspace/movielog/movielog/parse_pages.rb": [
        null,
        1,
        null,
        1,
        null,
        null,
        null,
        1,
        1,
        1,
        3,
        5,
        5,
        null,
        1,
        null,
        1,
        null,
        null,
        null,
        null,
        1,
        null,
        1,
        5,
        5,
        5,
        3,
        3,
        null,
        null,
        null,
        null
      ],
      "/Users/fshowalt/workspace/movielog/movielog/parse_reviews.rb": [
        null,
        1,
        null,
        1,
        null,
        null,
        null,
        1,
        1,
        1,
        3,
        5,
        5,
        null,
        1,
        null,
        1,
        null,
        null,
        null,
        null,
        1,
        null,
        1,
        5,
        5,
        null,
        5,
        3,
        3,
        null,
        null,
        null,
        null
      ],
      "/Users/fshowalt/workspace/movielog/movielog/parse_viewings.rb": [
        null,
        1,
        null,
        1,
        null,
        null,
        null,
        1,
        1,
        1,
        3,
        5,
        5,
        3,
        null,
        null,
        null,
        1,
        null,
        1,
        5,
        null,
        1,
        null,
        1,
        null,
        null,
        null,
        null
      ],
      "/Users/fshowalt/workspace/movielog/movielog/review.rb": [
        null,
        1,
        null,
        1,
        null,
        null,
        null,
        1,
        1,
        2,
        null,
        null,
        1,
        2,
        null,
        null,
        null
      ],
      "/Users/fshowalt/workspace/movielog/movielog/slugize.rb": [
        null,
        1,
        null,
        null,
        null,
        1,
        1,
        1,
        5,
        5,
        5,
        5,
        5,
        5,
        5,
        null,
        null,
        1,
        null,
        1,
        5,
        null,
        null,
        null,
        null
      ],
      "/Users/fshowalt/workspace/movielog/spec/support/io_helper.rb": [
        null,
        1,
        null,
        null,
        null,
        1,
        1,
        1,
        1,
        24,
        null,
        null,
        1,
        16,
        null,
        null,
        1,
        51,
        null,
        null,
        1,
        12,
        12,
        59,
        59,
        null,
        12,
        null,
        null,
        1,
        7,
        53,
        7,
        null,
        null,
        1,
        2,
        null,
        null,
        1,
        3,
        null,
        null,
        1,
        1,
        null,
        null,
        null
      ],
      "/Users/fshowalt/workspace/movielog/spec/console/create_placeholder_spec.rb": [
        null,
        1,
        1,
        null,
        1,
        1,
        null,
        null,
        null,
        1,
        null,
        null,
        1,
        1,
        1,
        null,
        null,
        1,
        1,
        null,
        1,
        1,
        1,
        null,
        null,
        1,
        null,
        null
      ],
      "/Users/fshowalt/workspace/movielog/spec/console/create_review_spec.rb": [
        null,
        1,
        1,
        null,
        1,
        1,
        1,
        null,
        null,
        null,
        null,
        null,
        null,
        null,
        null,
        null,
        1,
        null,
        null,
        null,
        null,
        null,
        null,
        null,
        null,
        null,
        null,
        null,
        null,
        null,
        null,
        null,
        null,
        null,
        null,
        null,
        null,
        null,
        null,
        null,
        null,
        null,
        null,
        null,
        null,
        null,
        null,
        null,
        null,
        null,
        null,
        null,
        null,
        null,
        null,
        null,
        null,
        null,
        null,
        null,
        null,
        null,
        null,
        null,
        null,
        null,
        null,
        1,
        null,
        null,
        1,
        1,
        1,
        1,
        null,
        null,
        1,
        1,
        1,
        null,
        1,
        1,
        1,
        null,
        1,
        null,
        null,
        null,
        null,
        null,
        1,
        1,
        1,
        1,
        null,
        null
      ],
      "/Users/fshowalt/workspace/movielog/spec/console/create_viewing_spec.rb": [
        null,
        1,
        1,
        null,
        1,
        1,
        1,
        null,
        null,
        null,
        null,
        null,
        null,
        null,
        null,
        null,
        1,
        null,
        null,
        null,
        null,
        null,
        null,
        null,
        null,
        null,
        null,
        null,
        null,
        null,
        null,
        null,
        null,
        null,
        null,
        null,
        null,
        null,
        null,
        null,
        null,
        null,
        null,
        null,
        null,
        null,
        null,
        null,
        null,
        null,
        null,
        null,
        null,
        null,
        null,
        null,
        null,
        null,
        null,
        null,
        null,
        null,
        null,
        null,
        null,
        null,
        null,
        1,
        null,
        null,
        1,
        1,
        1,
        1,
        null,
        null,
        1,
        1,
        1,
        1,
        1,
        1,
        1,
        1,
        1,
        null,
        1,
        1,
        1,
        null,
        1,
        null,
        null,
        null,
        1,
        1,
        null,
        null,
        null,
        null,
        null,
        null,
        null,
        null,
        null
      ],
      "/Users/fshowalt/workspace/movielog/spec/console/update_reviews_spec.rb": [
        null,
        1,
        1,
        null,
        1,
        1,
        1,
        null,
        null,
        1,
        1,
        null,
        1,
        null,
        null
      ],
      "/Users/fshowalt/workspace/movielog/spec/console/update_viewings_spec.rb": [
        null,
        1,
        1,
        null,
        1,
        1,
        1,
        null,
        null,
        1,
        1,
        null,
        1,
        null,
        null
      ],
      "/Users/fshowalt/workspace/movielog/spec/convert_grade_to_number_spec.rb": [
        null,
        1,
        null,
        1,
        17,
        null,
        1,
        1,
        12,
        12,
        null,
        null,
        1,
        12,
        12,
        null,
        null,
        null,
        1,
        1,
        null,
        null,
        1,
        1,
        null,
        null
      ],
      "/Users/fshowalt/workspace/movielog/spec/create_placeholder_spec.rb": [
        null,
        1,
        1,
        1,
        null,
        1,
        1,
        1,
        1,
        null,
        null,
        1,
        1,
        1,
        1,
        null,
        null,
        1,
        null,
        null,
        null,
        null
      ],
      "/Users/fshowalt/workspace/movielog/spec/db/query_most_reviewed_persons_spec.rb": [
        null,
        1,
        null,
        1,
        1,
        1,
        null,
        null,
        null,
        null,
        null,
        null,
        null,
        null,
        null,
        null,
        null,
        null,
        null,
        null,
        null,
        null,
        1,
        null,
        null,
        null,
        null,
        null,
        null,
        null,
        null,
        null,
        null,
        null,
        null,
        1,
        null,
        null,
        null,
        null,
        null,
        null,
        null,
        null,
        null,
        null,
        null,
        null,
        null,
        null,
        null,
        null,
        null,
        null,
        null,
        null,
        null,
        null,
        null,
        null,
        null,
        null,
        null,
        null,
        null,
        null,
        null,
        null,
        null,
        null,
        null,
        null,
        null,
        null,
        null,
        null,
        null,
        null,
        null,
        null,
        null,
        null,
        null,
        null,
        null,
        null,
        null,
        null,
        null,
        null,
        null,
        null,
        null,
        null,
        1,
        1,
        1,
        null,
        null,
        1,
        1,
        null,
        1,
        1,
        1,
        null,
        null
      ],
      "/Users/fshowalt/workspace/movielog/spec/db/query_most_watched_directors_spec.rb": [
        null,
        1,
        null,
        1,
        1,
        1,
        null,
        null,
        null,
        null,
        null,
        null,
        null,
        null,
        null,
        null,
        null,
        null,
        null,
        null,
        null,
        null,
        null,
        null,
        null,
        null,
        null,
        null,
        null,
        null,
        null,
        null,
        null,
        null,
        null,
        null,
        1,
        null,
        null,
        null,
        null,
        null,
        null,
        null,
        null,
        null,
        1,
        null,
        null,
        null,
        null,
        null,
        null,
        null,
        null,
        null,
        null,
        null,
        null,
        null,
        null,
        null,
        null,
        null,
        null,
        null,
        null,
        null,
        null,
        null,
        null,
        null,
        null,
        null,
        null,
        1,
        1,
        1,
        null,
        null,
        1,
        1,
        null,
        1,
        1,
        null,
        null
      ],
      "/Users/fshowalt/workspace/movielog/spec/db/query_most_watched_performers_spec.rb": [
        null,
        1,
        null,
        1,
        1,
        1,
        null,
        null,
        null,
        null,
        null,
        null,
        null,
        null,
        null,
        null,
        null,
        null,
        null,
        null,
        null,
        null,
        null,
        null,
        null,
        null,
        null,
        null,
        null,
        null,
        null,
        null,
        null,
        null,
        null,
        null,
        1,
        null,
        null,
        null,
        null,
        null,
        null,
        null,
        null,
        null,
        null,
        null,
        null,
        null,
        null,
        1,
        null,
        null,
        null,
        null,
        null,
        null,
        null,
        null,
        null,
        null,
        null,
        null,
        null,
        null,
        null,
        null,
        null,
        null,
        null,
        null,
        null,
        null,
        null,
        null,
        null,
        null,
        null,
        null,
        null,
        null,
        null,
        null,
        null,
        null,
        null,
        null,
        null,
        null,
        null,
        null,
        null,
        null,
        1,
        1,
        1,
        null,
        null,
        1,
        1,
        null,
        1,
        1,
        null,
        null
      ],
      "/Users/fshowalt/workspace/movielog/spec/db/query_most_watched_titles_spec.rb": [
        null,
        1,
        null,
        1,
        1,
        1,
        null,
        null,
        null,
        null,
        null,
        null,
        null,
        null,
        null,
        null,
        null,
        null,
        null,
        null,
        null,
        null,
        null,
        null,
        null,
        null,
        null,
        null,
        null,
        null,
        null,
        null,
        null,
        null,
        null,
        null,
        1,
        null,
        null,
        null,
        null,
        null,
        null,
        null,
        null,
        null,
        null,
        null,
        1,
        null,
        null,
        null,
        null,
        null,
        null,
        null,
        null,
        null,
        null,
        null,
        null,
        null,
        null,
        null,
        null,
        null,
        null,
        null,
        null,
        null,
        null,
        null,
        null,
        null,
        null,
        null,
        null,
        null,
        null,
        null,
        null,
        null,
        null,
        null,
        null,
        null,
        null,
        null,
        null,
        null,
        null,
        1,
        1,
        1,
        null,
        null,
        1,
        1,
        null,
        1,
        1,
        null,
        null
      ],
      "/Users/fshowalt/workspace/movielog/spec/db/query_most_watched_writers_spec.rb": [
        null,
        1,
        null,
        1,
        1,
        1,
        null,
        null,
        null,
        null,
        null,
        null,
        null,
        null,
        null,
        null,
        null,
        null,
        null,
        null,
        null,
        null,
        null,
        null,
        null,
        null,
        null,
        null,
        null,
        null,
        null,
        null,
        null,
        null,
        null,
        null,
        1,
        null,
        null,
        null,
        null,
        null,
        null,
        null,
        null,
        null,
        1,
        null,
        null,
        null,
        null,
        null,
        null,
        null,
        null,
        null,
        null,
        null,
        null,
        null,
        null,
        null,
        null,
        null,
        null,
        null,
        null,
        null,
        null,
        null,
        null,
        null,
        null,
        null,
        null,
        1,
        1,
        1,
        null,
        null,
        1,
        1,
        null,
        1,
        1,
        null,
        null
      ],
      "/Users/fshowalt/workspace/movielog/spec/db/query_related_titles_by_cast_spec.rb": [
        null,
        1,
        null,
        1,
        1,
        1,
        null,
        null,
        null,
        null,
        null,
        null,
        null,
        null,
        null,
        null,
        null,
        null,
        null,
        null,
        null,
        null,
        null,
        null,
        null,
        null,
        null,
        null,
        null,
        null,
        null,
        null,
        null,
        null,
        null,
        null,
        null,
        null,
        null,
        null,
        null,
        null,
        null,
        1,
        null,
        null,
        null,
        null,
        null,
        null,
        null,
        null,
        null,
        null,
        null,
        null,
        null,
        null,
        null,
        null,
        null,
        null,
        null,
        null,
        null,
        null,
        null,
        null,
        null,
        null,
        null,
        1,
        null,
        null,
        null,
        null,
        null,
        null,
        null,
        null,
        null,
        null,
        null,
        null,
        null,
        null,
        null,
        null,
        null,
        null,
        null,
        null,
        null,
        null,
        null,
        null,
        null,
        null,
        null,
        null,
        null,
        null,
        null,
        null,
        null,
        null,
        null,
        null,
        null,
        null,
        null,
        null,
        null,
        null,
        null,
        null,
        null,
        null,
        null,
        null,
        null,
        null,
        null,
        null,
        null,
        null,
        null,
        null,
        null,
        null,
        null,
        null,
        null,
        null,
        null,
        null,
        null,
        null,
        null,
        null,
        null,
        null,
        null,
        null,
        null,
        null,
        null,
        null,
        1,
        1,
        1,
        null,
        null,
        1,
        1,
        null,
        1,
        1,
        null,
        null
      ],
      "/Users/fshowalt/workspace/movielog/spec/db/update_most_reviewed_tables_spec.rb": [
        null,
        1,
        null,
        1,
        1,
        1,
        null,
        null,
        null,
        null,
        null,
        null,
        null,
        null,
        null,
        1,
        null,
        null,
        null,
        null,
        null,
        null,
        null,
        null,
        null,
        null,
        null,
        null,
        null,
        null,
        null,
        null,
        null,
        null,
        null,
        null,
        null,
        null,
        null,
        null,
        null,
        null,
        null,
        null,
        null,
        null,
        null,
        null,
        null,
        null,
        null,
        null,
        null,
        null,
        null,
        null,
        null,
        null,
        null,
        null,
        null,
        null,
        null,
        null,
        null,
        null,
        1,
        null,
        null,
        1,
        null,
        null,
        1,
        null,
        null,
        1,
        1,
        null,
        1,
        null,
        null,
        null,
        null,
        null,
        null,
        null,
        null,
        null,
        null,
        null,
        null,
        null,
        null,
        null,
        null,
        null,
        null,
        null,
        null,
        null,
        null,
        null,
        null,
        null,
        null,
        1,
        null,
        null,
        null,
        null,
        null,
        null,
        null,
        null,
        null,
        null,
        null,
        null,
        null,
        null,
        null,
        null,
        null,
        null,
        null,
        null,
        null,
        null,
        null,
        null,
        null,
        null,
        null,
        null,
        null,
        null,
        null,
        null,
        null,
        null,
        null,
        null,
        null,
        null,
        null,
        null,
        null,
        null,
        null,
        null,
        null,
        null,
        null,
        null,
        null,
        null,
        null,
        null,
        null,
        null,
        null,
        null,
        null,
        null,
        1,
        1,
        1,
        1,
        null,
        null
      ],
      "/Users/fshowalt/workspace/movielog/spec/db/update_most_watched_tables_spec.rb": [
        null,
        1,
        null,
        1,
        1,
        1,
        null,
        null,
        null,
        null,
        null,
        null,
        null,
        null,
        null,
        1,
        null,
        null,
        null,
        null,
        null,
        null,
        null,
        null,
        null,
        null,
        null,
        null,
        null,
        null,
        null,
        null,
        null,
        null,
        null,
        null,
        null,
        null,
        null,
        null,
        null,
        null,
        null,
        null,
        null,
        null,
        null,
        null,
        null,
        null,
        null,
        null,
        null,
        null,
        null,
        null,
        null,
        null,
        null,
        null,
        null,
        null,
        null,
        null,
        null,
        null,
        1,
        null,
        null,
        1,
        null,
        null,
        1,
        null,
        null,
        1,
        1,
        null,
        1,
        null,
        null,
        null,
        null,
        null,
        null,
        null,
        null,
        null,
        null,
        null,
        null,
        null,
        null,
        null,
        null,
        null,
        null,
        null,
        null,
        null,
        null,
        null,
        null,
        null,
        null,
        1,
        null,
        null,
        null,
        null,
        null,
        null,
        null,
        null,
        null,
        null,
        null,
        null,
        null,
        null,
        null,
        null,
        null,
        null,
        null,
        null,
        null,
        null,
        null,
        null,
        null,
        null,
        null,
        null,
        null,
        null,
        null,
        null,
        null,
        null,
        null,
        null,
        null,
        null,
        null,
        null,
        null,
        null,
        null,
        null,
        null,
        null,
        null,
        null,
        null,
        null,
        null,
        null,
        null,
        null,
        null,
        null,
        null,
        null,
        1,
        1,
        1,
        1,
        null,
        null
      ],
      "/Users/fshowalt/workspace/movielog/spec/helpers/data_for_person_spec.rb": [
        null,
        1,
        1,
        null,
        1,
        2,
        1,
        1,
        1,
        null,
        null,
        null,
        null,
        null,
        null,
        null,
        null,
        null,
        1,
        null,
        null,
        null,
        null,
        null,
        null,
        null,
        null,
        null
      ],
      "/Users/fshowalt/workspace/movielog/spec/support/stub_template_context.rb": [
        null,
        1,
        null,
        1,
        null,
        null,
        null,
        1,
        1,
        38,
        null,
        null,
        null,
        null,
        null,
        null,
        1,
        1,
        1,
        1,
        1,
        1,
        1,
        1,
        null,
        null,
        null,
        null,
        null,
        null,
        1,
        14,
        null,
        null,
        1,
        14,
        null,
        null,
        1,
        1,
        null,
        null,
        1,
        14,
        14,
        null,
        null,
        1,
        null,
        1,
        null,
        null,
        null,
        1,
        1,
        null
      ],
      "/Users/fshowalt/workspace/movielog/spec/helpers/data_for_review_spec.rb": [
        null,
        1,
        1,
        null,
        1,
        2,
        1,
        1,
        1,
        null,
        null,
        null,
        null,
        null,
        null,
        null,
        1,
        null,
        null,
        null,
        null,
        null,
        null,
        null,
        null,
        null,
        null,
        null,
        null,
        null
      ],
      "/Users/fshowalt/workspace/movielog/spec/helpers/data_for_viewing_spec.rb": [
        null,
        1,
        1,
        null,
        1,
        2,
        1,
        1,
        1,
        null,
        null,
        null,
        1,
        null,
        null,
        null,
        null,
        null,
        null,
        null,
        1,
        null,
        null,
        null,
        null,
        null,
        null,
        null,
        null,
        null,
        null,
        null,
        null,
        null
      ],
      "/Users/fshowalt/workspace/movielog/spec/helpers/grade_to_image_tag_spec.rb": [
        null,
        1,
        1,
        null,
        1,
        16,
        1,
        1,
        4,
        12,
        12,
        12,
        12,
        12,
        null,
        null,
        null,
        null,
        null,
        1,
        1,
        1,
        1,
        null,
        null,
        null,
        1,
        1,
        1,
        null,
        null,
        null,
        1,
        2,
        null,
        1,
        1,
        1,
        null,
        null,
        null,
        null
      ],
      "/Users/fshowalt/workspace/movielog/spec/helpers/grade_to_unicode_stars_spec.rb": [
        null,
        1,
        1,
        null,
        1,
        15,
        1,
        1,
        4,
        12,
        12,
        12,
        12,
        12,
        null,
        null,
        null,
        null,
        null,
        1,
        1,
        1,
        1,
        null,
        null,
        null,
        1,
        1,
        1,
        null,
        null,
        null,
        null
      ],
      "/Users/fshowalt/workspace/movielog/spec/helpers/newest_year_spec.rb": [
        null,
        1,
        1,
        null,
        1,
        2,
        1,
        1,
        1,
        null,
        null,
        null,
        null,
        null,
        1,
        null,
        null,
        null
      ],
      "/Users/fshowalt/workspace/movielog/spec/helpers/oldest_year_spec.rb": [
        null,
        1,
        1,
        null,
        1,
        2,
        1,
        1,
        1,
        null,
        null,
        null,
        null,
        null,
        1,
        null,
        null,
        null
      ],
      "/Users/fshowalt/workspace/movielog/spec/helpers/range_filter_spec.rb": [
        null,
        1,
        1,
        null,
        1,
        2,
        1,
        1,
        1,
        null,
        null,
        1,
        null,
        null,
        null,
        null,
        null,
        null,
        null,
        null,
        null,
        null,
        null,
        null,
        null,
        null,
        null,
        null,
        null
      ],
      "/Users/fshowalt/workspace/movielog/spec/helpers/select_filter_spec.rb": [
        null,
        1,
        1,
        null,
        1,
        2,
        1,
        1,
        1,
        null,
        null,
        null,
        null,
        null,
        1,
        null,
        null,
        null,
        null,
        null,
        null,
        null,
        null,
        null,
        null,
        null
      ],
      "/Users/fshowalt/workspace/movielog/spec/helpers/sort_filter_spec.rb": [
        null,
        1,
        1,
        null,
        1,
        2,
        1,
        1,
        1,
        null,
        null,
        null,
        null,
        null,
        null,
        null,
        null,
        null,
        null,
        null,
        null,
        1,
        null,
        null,
        null,
        null,
        null,
        null,
        null,
        null,
        null,
        null,
        null,
        null,
        null
      ],
      "/Users/fshowalt/workspace/movielog/spec/helpers/text_filter_spec.rb": [
        null,
        1,
        1,
        null,
        1,
        2,
        1,
        1,
        1,
        null,
        null,
        null,
        null,
        1,
        null,
        null,
        null,
        null,
        null,
        null,
        null,
        null,
        null,
        null
      ],
      "/Users/fshowalt/workspace/movielog/spec/movielog_spec.rb": [
        null,
        1,
        null,
        1,
        1,
        10,
        17,
        null,
        null,
        null,
        null,
        null,
        null,
        1,
        1,
        1,
        null,
        null,
        null,
        1,
        1,
        1,
        null,
        null,
        null,
        1,
        1,
        null,
        null,
        1,
        null,
        null,
        null,
        1,
        null,
        null,
        1,
        null,
        null,
        null,
        1,
        1,
        null,
        null,
        1,
        null,
        null,
        null,
        1,
        null,
        null,
        1,
        null,
        1,
        1,
        null,
        null,
        null,
        1,
        1,
        null,
        null,
        1,
        null,
        null,
        null,
        1,
        null,
        null,
        null,
        null,
        1,
        null,
        null,
        1,
        null,
        null,
        1,
        null,
        null,
        null,
        1,
        1,
        1,
        null,
        null,
        null,
        1,
        1,
        1,
        null,
        1,
        null,
        null,
        null,
        1,
        1,
        1,
        null,
        null,
        null,
        null,
        null,
        null,
        null,
        1,
        null,
        null,
        1,
        null,
        null,
        null,
        null,
        null,
        null,
        null,
        null,
        null,
        1,
        1,
        null,
        null,
        1,
        null,
        null,
        null,
        null,
        null,
        null,
        1,
        null,
        null,
        1,
        null,
        null,
        null,
        null,
        null,
        null,
        null,
        null,
        1,
        1,
        null,
        null,
        1,
        null,
        null,
        null,
        null,
        null,
        null,
        null,
        1,
        null,
        null,
        1,
        1,
        1,
        1,
        1,
        1,
        null,
        null,
        null
      ],
      "/Users/fshowalt/workspace/movielog/spec/parse_pages_spec.rb": [
        null,
        1,
        1,
        null,
        1,
        1,
        null,
        null,
        null,
        null,
        null,
        null,
        null,
        null,
        null,
        null,
        null,
        null,
        null,
        null,
        null,
        null,
        null,
        null,
        null,
        null,
        1,
        null,
        null,
        1,
        1,
        null,
        1,
        null,
        1,
        null,
        1,
        1,
        1,
        null,
        1,
        1,
        1,
        null,
        null,
        1,
        1,
        null,
        null,
        null,
        null,
        null,
        null,
        null,
        null,
        1,
        null,
        null,
        1,
        1,
        null,
        1,
        1,
        null,
        null,
        1,
        null,
        null,
        null,
        1,
        1,
        null,
        null,
        null,
        null,
        null,
        null,
        null,
        null,
        null,
        null,
        null,
        null,
        null,
        null,
        null,
        null,
        null,
        1,
        null,
        1,
        1,
        null,
        1,
        1,
        1,
        1,
        null,
        null,
        1,
        null,
        null,
        1,
        null,
        null,
        null
      ],
      "/Users/fshowalt/workspace/movielog/spec/support/stub_files_helper.rb": [
        null,
        1,
        null,
        null,
        null,
        1,
        1,
        9,
        9,
        null,
        null,
        9,
        15,
        null,
        null,
        null,
        1,
        9,
        9,
        24,
        9,
        null,
        null,
        9,
        null,
        null,
        null,
        null,
        1,
        1,
        null
      ],
      "/Users/fshowalt/workspace/movielog/spec/parse_reviews_spec.rb": [
        null,
        1,
        1,
        null,
        1,
        1,
        null,
        null,
        null,
        null,
        null,
        null,
        null,
        null,
        null,
        null,
        null,
        null,
        null,
        null,
        null,
        null,
        null,
        null,
        null,
        null,
        null,
        null,
        null,
        null,
        null,
        null,
        1,
        null,
        null,
        1,
        1,
        null,
        1,
        null,
        1,
        null,
        1,
        1,
        1,
        null,
        1,
        1,
        1,
        null,
        null,
        1,
        1,
        null,
        null,
        null,
        null,
        null,
        null,
        null,
        null,
        1,
        null,
        null,
        1,
        1,
        null,
        1,
        1,
        null,
        null,
        1,
        null,
        null,
        null,
        1,
        1,
        null,
        null,
        null,
        null,
        null,
        null,
        null,
        null,
        null,
        null,
        null,
        null,
        null,
        null,
        null,
        null,
        null,
        null,
        null,
        null,
        1,
        null,
        1,
        1,
        null,
        1,
        1,
        1,
        1,
        null,
        null,
        1,
        null,
        null,
        1,
        null,
        null,
        null
      ],
      "/Users/fshowalt/workspace/movielog/spec/parse_viewings_spec.rb": [
        null,
        1,
        1,
        null,
        1,
        1,
        null,
        null,
        null,
        null,
        null,
        null,
        null,
        null,
        null,
        null,
        null,
        null,
        null,
        null,
        null,
        null,
        null,
        null,
        null,
        null,
        1,
        null,
        null,
        1,
        1,
        null,
        1,
        null,
        1,
        null,
        1,
        1,
        null,
        1,
        1,
        null,
        null,
        1,
        1,
        null,
        null,
        null,
        null,
        null,
        null,
        null,
        1,
        null,
        null,
        1,
        1,
        null,
        1,
        1,
        null,
        null,
        1,
        null,
        null,
        null,
        1,
        1,
        null,
        null,
        null,
        null,
        null,
        null,
        null,
        null,
        null,
        null,
        null,
        null,
        null,
        null,
        null,
        null,
        1,
        null,
        1,
        1,
        null,
        1,
        1,
        1,
        1,
        null,
        null,
        1,
        null,
        null,
        1,
        null,
        null,
        null
      ],
      "/Users/fshowalt/workspace/movielog/spec/review_spec.rb": [
        null,
        1,
        null,
        1,
        1,
        1,
        1,
        1,
        null,
        null,
        1,
        1,
        1,
        1,
        null,
        null,
        null,
        null,
        1,
        1,
        1,
        1,
        null,
        null,
        1,
        1,
        1,
        1,
        null,
        null,
        null,
        null
      ]
    },
    "timestamp": 1474934285
  }
}
